<?xml version="1.0" encoding="UTF-8"?>
<!-- Generated by org.testng.reporters.JUnitXMLReporter -->
<testsuite ignored="1" hostname="LAPTOP-H7LSMR7L" failures="0" tests="1" name="Default test(failed)" time="4.225" errors="0" timestamp="2024-02-08T18:54:38 IST">
  <testcase classname="com.swaglabs.test.CheckOutFinalTest" name="VerifyThankUAndOrderMsg" time="2.047"/>
  <testcase classname="com.swaglabs.test.CheckOutFinalTest" name="clickOnBackHome" time="0.0">
    <ignored/>
  </testcase> <!-- clickOnBackHome -->
</testsuite> <!-- Default test(failed) -->
