<?xml version="1.0" encoding="UTF-8"?>
<!-- Generated by org.testng.reporters.JUnitXMLReporter -->
<testsuite ignored="1" hostname="LAPTOP-H7LSMR7L" failures="0" tests="1" name="Default test" time="5.307" errors="0" timestamp="2024-02-08T18:41:33 IST">
  <testcase classname="com.swaglabs.test.CheckOutFinalTest" name="clickOnBackHome" time="3.099"/>
  <testcase classname="com.swaglabs.test.CheckOutFinalTest" name="VerifyThankUAndOrderMsg" time="0.0">
    <ignored/>
  </testcase> <!-- VerifyThankUAndOrderMsg -->
</testsuite> <!-- Default test -->
